<?xml version="1.0" encoding="UTF-8"?>
<!-- Generated by org.testng.reporters.JUnitXMLReporter -->
<testsuite hostname="Vishmitha" ignored="0" name="Test(failed)(failed)" tests="5" failures="0" timestamp="2022-02-18T19:27:50 IST" time="0.144" errors="0">
  <testcase name="createCustomer" time="0.013" classname="com.projectname.testscript.CustomerModule"/>
  <testcase name="createCustomer" time="0.003" classname="com.projectname.testscript.CustomerModule"/>
  <testcase name="createCustomer" time="0.005" classname="com.projectname.testscript.CustomerModule"/>
  <testcase name="modifyCustomer" time="0.003" classname="com.projectname.testscript.CustomerModule"/>
  <testcase name="deleteCustomer" time="0.005" classname="com.projectname.testscript.CustomerModule"/>
</testsuite> <!-- Test(failed)(failed) -->
