<?xml version="1.0" encoding="UTF-8"?>
<testng-results skipped="0" failed="0" ignored="0" total="1" passed="1">
  <reporter-output>
  </reporter-output>
  <suite name="Default suite" duration-ms="12596" started-at="2022-02-22T20:00:56 IST" finished-at="2022-02-22T20:01:09 IST">
    <groups>
    </groups>
    <test name="Default test" duration-ms="12596" started-at="2022-02-22T20:00:56 IST" finished-at="2022-02-22T20:01:09 IST">
      <class name="com.projectname.pom.Print_content_of_all_webtable">
        <test-method status="PASS" signature="testMethod()[pri:0, instance:com.projectname.pom.Print_content_of_all_webtable@4493d195]" name="testMethod" duration-ms="12549" started-at="2022-02-22T20:00:56 IST" finished-at="2022-02-22T20:01:09 IST">
          <reporter-output>
          </reporter-output>
        </test-method> <!-- testMethod -->
      </class> <!-- com.projectname.pom.Print_content_of_all_webtable -->
    </test> <!-- Default test -->
  </suite> <!-- Default suite -->
</testng-results>
