<?xml version="1.0" encoding="UTF-8"?>
<!-- Generated by org.testng.reporters.JUnitXMLReporter -->
<testsuite hostname="Vishmitha" ignored="0" name="Default test(failed)" tests="5" failures="1" timestamp="2022-02-18T19:22:14 IST" time="0.087" errors="0">
  <testcase name="createCustomer" time="0.01" classname="com.projectname.testscript.CustomerModule"/>
  <testcase name="createCustomer" time="0.003" classname="com.projectname.testscript.CustomerModule"/>
  <testcase name="createCustomer" time="0.004" classname="com.projectname.testscript.CustomerModule"/>
  <testcase name="modifyCustomer" time="0.002" classname="com.projectname.testscript.CustomerModule"/>
  <testcase name="deleteCustomer" time="0.006" classname="com.projectname.testscript.CustomerModule">
    <failure type="java.lang.AssertionError" message="null">
      <![CDATA[java.lang.AssertionError: null
at com.projectname.testscript.CustomerModule.deleteCustomer(CustomerModule.java:22)
at java.util.ArrayList.forEach(ArrayList.java:1249)
... Removed 30 stack frames]]>
    </failure>
  </testcase> <!-- deleteCustomer -->
</testsuite> <!-- Default test(failed) -->
